C:\USERS\ARIJEET\DOCUMENTS\VISUAL STUDIO 2012\PROJECTS\TRY1\TRY1\DEBUG\FLOYDS.OBJ
C:\USERS\ARIJEET\DOCUMENTS\VISUAL STUDIO 2012\PROJECTS\TRY1\TRY1\DEBUG\VC110.PDB
C:\USERS\ARIJEET\DOCUMENTS\VISUAL STUDIO 2012\PROJECTS\TRY1\DEBUG\TRY1.ILK
C:\USERS\ARIJEET\DOCUMENTS\VISUAL STUDIO 2012\PROJECTS\TRY1\DEBUG\TRY1.EXE
C:\USERS\ARIJEET\DOCUMENTS\VISUAL STUDIO 2012\PROJECTS\TRY1\DEBUG\TRY1.PDB
C:\Users\Arijeet\Documents\Visual Studio 2012\Projects\try1\try1\Debug\Floyds.obj
C:\Users\Arijeet\Documents\Visual Studio 2012\Projects\try1\try1\Debug\cl.command.1.tlog
C:\Users\Arijeet\Documents\Visual Studio 2012\Projects\try1\try1\Debug\CL.read.1.tlog
C:\Users\Arijeet\Documents\Visual Studio 2012\Projects\try1\try1\Debug\CL.write.1.tlog
C:\Users\Arijeet\Documents\Visual Studio 2012\Projects\try1\try1\Debug\link-cvtres.read.1.tlog
C:\Users\Arijeet\Documents\Visual Studio 2012\Projects\try1\try1\Debug\link-cvtres.write.1.tlog
C:\Users\Arijeet\Documents\Visual Studio 2012\Projects\try1\try1\Debug\link-rc.read.1.tlog
C:\Users\Arijeet\Documents\Visual Studio 2012\Projects\try1\try1\Debug\link-rc.write.1.tlog
C:\Users\Arijeet\Documents\Visual Studio 2012\Projects\try1\try1\Debug\link.command.1.tlog
C:\Users\Arijeet\Documents\Visual Studio 2012\Projects\try1\try1\Debug\link.read.1.tlog
C:\Users\Arijeet\Documents\Visual Studio 2012\Projects\try1\try1\Debug\link.write.1.tlog
C:\Users\Arijeet\Documents\Visual Studio 2012\Projects\try1\try1\Debug\vc110.idb
C:\Users\Arijeet\Documents\Visual Studio 2012\Projects\try1\try1\Debug\vc110.pdb
C:\Users\Arijeet\Documents\Visual Studio 2012\Projects\try1\Debug\try1.pdb
C:\Users\Arijeet\Documents\Visual Studio 2012\Projects\try1\Debug\try1.exe
C:\Users\Arijeet\Documents\Visual Studio 2012\Projects\try1\Debug\try1.ilk
